[12:19:12] [ServerMain/INFO]: Environment: authHost='https://authserver.mojang.com', accountsHost='https://api.mojang.com', sessionHost='https://sessionserver.mojang.com', servicesHost='https://api.minecraftservices.com', name='PROD'
[12:19:13] [ServerMain/INFO]: Loaded 7 recipes
[12:19:13] [ServerMain/INFO]: Loaded 1271 advancements
[12:19:14] [Server thread/INFO]: Starting minecraft server version 1.20.1
[12:19:14] [Server thread/INFO]: Loading properties
[12:19:14] [Server thread/INFO]: Default game type: SURVIVAL
[12:19:14] [Server thread/INFO]: Generating keypair
[12:19:14] [Server thread/INFO]: Starting Minecraft server on *:25565
[12:19:14] [Server thread/INFO]: Using default channel type
[12:19:14] [Server thread/WARN]: **** SERVER IS RUNNING IN OFFLINE/INSECURE MODE!
[12:19:14] [Server thread/WARN]: The server will make no attempt to authenticate usernames. Beware.
[12:19:14] [Server thread/WARN]: While this makes the game possible to play without internet access, it also opens up the ability for hackers to connect with any username they choose.
[12:19:14] [Server thread/WARN]: To change this, set "online-mode" to "true" in the server.properties file.
[12:19:14] [Server thread/INFO]: Preparing level "world"
[12:19:16] [Server thread/INFO]: Preparing start region for dimension minecraft:overworld
[12:19:18] [Worker-Main-1/INFO]: Preparing spawn area: 0%
[12:19:18] [Worker-Main-6/INFO]: Preparing spawn area: 0%
[12:19:18] [Worker-Main-1/INFO]: Preparing spawn area: 0%
[12:19:18] [Worker-Main-2/INFO]: Preparing spawn area: 0%
[12:19:18] [Worker-Main-2/INFO]: Preparing spawn area: 0%
[12:19:18] [Worker-Main-1/INFO]: Preparing spawn area: 0%
[12:19:19] [Worker-Main-4/INFO]: Preparing spawn area: 46%
[12:19:19] [Server thread/INFO]: Time elapsed: 3267 ms
[12:19:19] [Server thread/INFO]: Done (5.002s)! For help, type "help"
[12:22:12] [Server thread/INFO]: AngelloEC[/192.168.126.1:61291] logged in with entity id 183 at (-452.35209559407986, 63.0, 168.80508099283082)
[12:22:12] [Server thread/INFO]: AngelloEC joined the game
[12:22:24] [Server thread/INFO]: AngelloEC lost connection: Disconnected
[12:22:24] [Server thread/INFO]: AngelloEC left the game
[12:26:21] [Server thread/INFO]: AngelloEC[/192.168.1.1:61384] logged in with entity id 321 at (-370.1088237521221, 69.0, 15.439180141743352)
[12:26:21] [Server thread/INFO]: AngelloEC joined the game
[12:27:12] [Server thread/INFO]: Leandromacv[/100.110.24.97:53676] logged in with entity id 561 at (-364.8417513610187, 71.0, 33.922257634981335)
[12:27:12] [Server thread/INFO]: Leandromacv joined the game
[12:28:26] [Server thread/INFO]: Leandromacv lost connection: Disconnected
[12:28:26] [Server thread/INFO]: Leandromacv left the game
[12:28:32] [Server thread/INFO]: AngelloEC lost connection: Disconnected
[12:28:32] [Server thread/INFO]: AngelloEC left the game
[12:31:48] [Server thread/INFO]: Leandromacv[/100.110.24.97:53815] logged in with entity id 916 at (-387.0337307056113, 70.0, 25.059553687484783)
[12:31:48] [Server thread/INFO]: Leandromacv joined the game
[12:33:03] [Server thread/INFO]: AngelloEC[/192.168.1.1:61409] logged in with entity id 1251 at (-367.61028868665613, 71.0, 30.16964742446931)
[12:33:03] [Server thread/INFO]: AngelloEC joined the game
[12:46:10] [Server thread/WARN]: Can't keep up! Is the server overloaded? Running 2194ms or 43 ticks behind
[12:46:21] [Server thread/INFO]: Leandromacv was slain by Enderman
[12:48:58] [Server thread/INFO]: Leandromacv was slain by Spider
[12:49:21] [Server thread/INFO]: Leandromacv was slain by Zombie
[12:49:39] [Server thread/INFO]: Leandromacv was slain by Zombie
[12:50:54] [Server thread/INFO]: Leandromacv was blown up by Creeper
[12:51:00] [Server thread/INFO]: AngelloEC suffocated in a wall
[13:06:14] [Server thread/INFO]: Leandromacv has made the advancement [Ice Bucket Challenge]
[13:07:02] [Server thread/INFO]: Leandromacv lost connection: Disconnected
[13:07:02] [Server thread/INFO]: Leandromacv left the game
[13:30:51] [Server thread/INFO]: AngelloEC lost connection: Disconnected
[13:30:51] [Server thread/INFO]: AngelloEC left the game
[14:14:50] [Server thread/INFO]: AngelloEC[/192.168.1.1:61891] logged in with entity id 15838 at (-396.91698900191204, 82.0, 48.059699995151554)
[14:14:50] [Server thread/INFO]: AngelloEC joined the game
[14:22:06] [Server thread/INFO]: AngelloEC lost connection: Disconnected
[14:22:06] [Server thread/INFO]: AngelloEC left the game
[14:22:17] [Server thread/INFO]: AngelloEC[/192.168.1.1:62008] logged in with entity id 16697 at (-389.39472742648815, 82.0, 53.312092200949316)
[14:22:17] [Server thread/INFO]: AngelloEC joined the game
[14:26:20] [Server thread/INFO]: AngelloEC lost connection: Disconnected
[14:26:20] [Server thread/INFO]: AngelloEC left the game
[14:26:52] [Server thread/INFO]: AngelloEC[/192.168.1.1:62048] logged in with entity id 17212 at (-388.3026626426219, 70.0, 57.81955604037741)
[14:26:52] [Server thread/INFO]: AngelloEC joined the game
[14:27:18] [Server thread/INFO]: AngelloEC was slain by Zombie
[14:27:44] [Server thread/INFO]: Leandromacv[/100.110.24.97:57593] logged in with entity id 17468 at (-1889.1674975822546, 86.0, 357.64219258907264)
[14:27:44] [Server thread/INFO]: Leandromacv joined the game
[14:27:55] [Server thread/INFO]: Leandromacv hit the ground too hard whilst trying to escape Skeleton
[14:28:04] [Server thread/INFO]: AngelloEC was slain by Zombie
[14:28:17] [Server thread/INFO]: Leandromacv lost connection: Disconnected
[14:28:17] [Server thread/INFO]: Leandromacv left the game
[14:29:22] [Server thread/INFO]: Leandromacv[/100.110.24.97:57637] logged in with entity id 18017 at (-387.5, 65.0, 10.5)
[14:29:22] [Server thread/INFO]: Leandromacv joined the game
[14:29:27] [Server thread/INFO]: Leandromacv lost connection: Disconnected
[14:29:27] [Server thread/INFO]: Leandromacv left the game
[14:31:53] [Server thread/INFO]: Leandromacv[/100.110.24.97:57699] logged in with entity id 18353 at (-387.5, 65.0, 10.5)
[14:31:53] [Server thread/INFO]: Leandromacv joined the game
[14:33:01] [Server thread/INFO]: Leandromacv fell from a high place
[14:33:44] [Server thread/INFO]: Leandromacv was blown up by Creeper
[14:34:21] [Server thread/INFO]: AngelloEC has made the advancement [Monster Hunter]
[14:37:30] [Server thread/INFO]: jose_gazmey[/100.110.10.63:54111] logged in with entity id 19861 at (-380.5, 65.0, 9.5)
[14:37:30] [Server thread/INFO]: jose_gazmey joined the game
[14:39:50] [Server thread/INFO]: AngelloEC lost connection: Disconnected
[14:39:50] [Server thread/INFO]: AngelloEC left the game
[14:42:12] [Server thread/INFO]: Leandromacv has made the advancement [Stone Age]
[14:44:58] [Server thread/INFO]: jose_gazmey has made the advancement [Stone Age]
[14:45:34] [Server thread/INFO]: Leandromacv has made the advancement [Monster Hunter]
[14:45:50] [Server thread/INFO]: jose_gazmey has made the advancement [Sweet Dreams]
[14:46:27] [Server thread/INFO]: Leandromacv has made the advancement [Sweet Dreams]
[14:52:15] [Server thread/INFO]: jose_gazmey has made the advancement [Best Friends Forever]
[14:55:01] [Server thread/INFO]: jose_gazmey has made the advancement [Acquire Hardware]
[14:57:29] [Server thread/INFO]: Leandromacv has made the advancement [Getting an Upgrade]
[15:01:30] [Server thread/INFO]: jose_gazmey has made the advancement [Getting an Upgrade]
[15:02:06] [Server thread/INFO]: Leandromacv has made the advancement [A Seedy Place]
[15:09:12] [Server thread/INFO]: [Not Secure] <jose_gazmey> jose_gazmey
[15:12:02] [Server thread/INFO]: Leandromacv lost connection: Disconnected
[15:12:02] [Server thread/INFO]: Leandromacv left the game
[15:25:47] [Server thread/INFO]: jose_gazmey lost connection: Disconnected
[15:25:47] [Server thread/INFO]: jose_gazmey left the game
[15:47:34] [Server thread/INFO]: Stopping server
